<?xml version="1.0" encoding="UTF-8"?>
<!-- Generated by org.testng.reporters.JUnitXMLReporter -->
<testsuite ignored="0" hostname="DESKTOP-QJ8EISD" failures="0" tests="3" name="Test-2" time="0.252" errors="0" timestamp="2024-05-14T15:40:21 IST">
  <testcase classname="com.comcast.crm.orgtest.CreateOrganizationTest" name="CreateOrgWithIndusTest" time="0.0">
    <skipped/>
  </testcase> <!-- CreateOrgWithIndusTest -->
  <testcase classname="com.comcast.crm.orgtest.CreateOrganizationTest" name="createNewContactOrg" time="0.0">
    <skipped/>
  </testcase> <!-- createNewContactOrg -->
  <testcase classname="com.comcast.crm.orgtest.CreateOrganizationTest" name="createNewOrg" time="0.0">
    <skipped/>
  </testcase> <!-- createNewOrg -->
</testsuite> <!-- Test-2 -->
