<?xml version="1.0" encoding="UTF-8"?>
<!-- Generated by org.testng.reporters.JUnitReportReporter -->
<testsuite hostname="DESKTOP-QJ8EISD" failures="0" tests="1" name="com.comcast.crm.orgtest.CreateOrganizationTest" time="19.654" errors="0" timestamp="2024-05-15T17:06:37 IST" skipped="0">
  <testcase classname="com.comcast.crm.orgtest.CreateOrganizationTest" name="createNewContactOrg" time="19.654"/>
  <system-out/>
</testsuite> <!-- com.comcast.crm.orgtest.CreateOrganizationTest -->
