<?xml version="1.0" encoding="UTF-8"?>
<!-- Generated by org.testng.reporters.JUnitReportReporter -->
<testsuite hostname="DESKTOP-QJ8EISD" failures="0" tests="2" name="Practice.test.Check1" time="0.030" errors="0" timestamp="2024-05-21T11:37:38 IST" skipped="0">
  <testcase classname="Practice.test.Check1" name="test02" time="0.015"/>
  <system-out/>
  <testcase classname="Practice.test.Check1" name="test01" time="0.015"/>
  <system-out/>
</testsuite> <!-- Practice.test.Check1 -->
