<?xml version="1.0" encoding="UTF-8"?>
<!-- Generated by org.testng.reporters.JUnitReportReporter -->
<testsuite hostname="DESKTOP-QJ8EISD" failures="0" tests="1" name="com.comcast.crm.orgtest.CreateOrgWithPhoneNumberTest" time="30.552" errors="0" timestamp="2024-05-13T17:20:22 IST" skipped="0">
  <testcase classname="com.comcast.crm.orgtest.CreateOrgWithPhoneNumberTest" name="createNewContactOrg" time="30.552"/>
  <system-out/>
</testsuite> <!-- com.comcast.crm.orgtest.CreateOrgWithPhoneNumberTest -->
