<?xml version="1.0" encoding="UTF-8"?>
<!-- Generated by org.testng.reporters.JUnitReportReporter -->
<testsuite hostname="DESKTOP-QJ8EISD" failures="0" tests="2" name="com.pac1.CreateContactTest" time="0.014" errors="0" timestamp="2024-05-10T13:10:56 IST" skipped="0">
  <testcase classname="com.pac1.CreateContactTest" name="createContactWithDate" time="0.005"/>
  <system-out/>
  <testcase classname="com.pac1.CreateContactTest" name="createContact" time="0.009"/>
  <system-out/>
</testsuite> <!-- com.pac1.CreateContactTest -->
